-------------------------------------------------------------------------------
Test set: com.javajedis.legalconnect.scheduling.OAuthServiceTest
-------------------------------------------------------------------------------
Tests run: 16, Failures: 3, Errors: 1, Skipped: 0, Time elapsed: 1.089 s <<< FAILURE! -- in com.javajedis.legalconnect.scheduling.OAuthServiceTest
com.javajedis.legalconnect.scheduling.OAuthServiceTest.callback_NewUser_Success_ReturnsSuccessResponse -- Time elapsed: 0.228 s <<< FAILURE!
org.opentest4j.AssertionFailedError: expected: <200 OK> but was: <302 FOUND>
	at org.junit.jupiter.api.AssertionFailureBuilder.build(AssertionFailureBuilder.java:151)
	at org.junit.jupiter.api.AssertionFailureBuilder.buildAndThrow(AssertionFailureBuilder.java:132)
	at org.junit.jupiter.api.AssertEquals.failNotEqual(AssertEquals.java:197)
	at org.junit.jupiter.api.AssertEquals.assertEquals(AssertEquals.java:182)
	at org.junit.jupiter.api.AssertEquals.assertEquals(AssertEquals.java:177)
	at org.junit.jupiter.api.Assertions.assertEquals(Assertions.java:1145)
	at com.javajedis.legalconnect.scheduling.OAuthServiceTest.callback_NewUser_Success_ReturnsSuccessResponse(OAuthServiceTest.java:195)
	at java.base/java.lang.reflect.Method.invoke(Method.java:580)
	at java.base/java.util.ArrayList.forEach(ArrayList.java:1596)
	at java.base/java.util.ArrayList.forEach(ArrayList.java:1596)

com.javajedis.legalconnect.scheduling.OAuthServiceTest.callback_ExistingUser_Success_ReturnsSuccessResponse -- Time elapsed: 0.001 s <<< FAILURE!
org.opentest4j.AssertionFailedError: expected: <200 OK> but was: <302 FOUND>
	at org.junit.jupiter.api.AssertionFailureBuilder.build(AssertionFailureBuilder.java:151)
	at org.junit.jupiter.api.AssertionFailureBuilder.buildAndThrow(AssertionFailureBuilder.java:132)
	at org.junit.jupiter.api.AssertEquals.failNotEqual(AssertEquals.java:197)
	at org.junit.jupiter.api.AssertEquals.assertEquals(AssertEquals.java:182)
	at org.junit.jupiter.api.AssertEquals.assertEquals(AssertEquals.java:177)
	at org.junit.jupiter.api.Assertions.assertEquals(Assertions.java:1145)
	at com.javajedis.legalconnect.scheduling.OAuthServiceTest.callback_ExistingUser_Success_ReturnsSuccessResponse(OAuthServiceTest.java:237)
	at java.base/java.lang.reflect.Method.invoke(Method.java:580)
	at java.base/java.util.ArrayList.forEach(ArrayList.java:1596)
	at java.base/java.util.ArrayList.forEach(ArrayList.java:1596)

com.javajedis.legalconnect.scheduling.OAuthServiceTest.oAuthAuthorize_ConfigurationProperties_AllPropertiesUsedInURL -- Time elapsed: 0.001 s <<< ERROR!
java.lang.NullPointerException: Cannot invoke "java.net.URI.toString()" because the return value of "org.springframework.http.HttpHeaders.getLocation()" is null
	at com.javajedis.legalconnect.scheduling.OAuthServiceTest.oAuthAuthorize_ConfigurationProperties_AllPropertiesUsedInURL(OAuthServiceTest.java:538)
	at java.base/java.lang.reflect.Method.invoke(Method.java:580)
	at java.base/java.util.ArrayList.forEach(ArrayList.java:1596)
	at java.base/java.util.ArrayList.forEach(ArrayList.java:1596)

com.javajedis.legalconnect.scheduling.OAuthServiceTest.oAuthAuthorize_Success_ReturnsRedirectResponse -- Time elapsed: 0.001 s <<< FAILURE!
org.opentest4j.AssertionFailedError: expected: <302 FOUND> but was: <200 OK>
	at org.junit.jupiter.api.AssertionFailureBuilder.build(AssertionFailureBuilder.java:151)
	at org.junit.jupiter.api.AssertionFailureBuilder.buildAndThrow(AssertionFailureBuilder.java:132)
	at org.junit.jupiter.api.AssertEquals.failNotEqual(AssertEquals.java:197)
	at org.junit.jupiter.api.AssertEquals.assertEquals(AssertEquals.java:182)
	at org.junit.jupiter.api.AssertEquals.assertEquals(AssertEquals.java:177)
	at org.junit.jupiter.api.Assertions.assertEquals(Assertions.java:1145)
	at com.javajedis.legalconnect.scheduling.OAuthServiceTest.oAuthAuthorize_Success_ReturnsRedirectResponse(OAuthServiceTest.java:135)
	at java.base/java.lang.reflect.Method.invoke(Method.java:580)
	at java.base/java.util.ArrayList.forEach(ArrayList.java:1596)
	at java.base/java.util.ArrayList.forEach(ArrayList.java:1596)

