<?xml version="1.0" encoding="UTF-8"?>
<testsuite xmlns:xsi="http://www.w3.org/2001/XMLSchema-instance" xsi:noNamespaceSchemaLocation="https://maven.apache.org/surefire/maven-surefire-plugin/xsd/surefire-test-report.xsd" version="3.0.2" name="com.javajedis.legalconnect.casemanagement.CaseManagementControllerTest" time="0.053" tests="22" errors="0" skipped="0" failures="0">
  <properties>
[...]
</properties>
  <testcase name="getAllUserCases_EmptyList_ReturnsEmptyResult" classname="com.javajedis.legalconnect.casemanagement.CaseManagementControllerTest" time="0.033">
    <system-out><![CDATA[2025-07-14 23:15:00 [main] &amp#27;[34mINFO &amp#27;[0;39m &amp#27;[36mc.j.l.c.CaseManagementController&amp#27;[0;39m - GET /case/ called with page=0, size=10, status=null, sortDirection=DESC
]]></system-out>
  </testcase>
  <testcase name="createCase_ValidationError_ReturnsBadRequest" classname="com.javajedis.legalconnect.casemanagement.CaseManagementControllerTest" time="0.001">
    <system-out><![CDATA[2025-07-14 23:15:00 [main] &amp#27;[34mINFO &amp#27;[0;39m &amp#27;[36mc.j.l.c.CaseManagementController&amp#27;[0;39m - POST /case/ called
]]></system-out>
  </testcase>
  <testcase name="updateCase_Success_ReturnsUpdatedCase" classname="com.javajedis.legalconnect.casemanagement.CaseManagementControllerTest" time="0.0">
    <system-out><![CDATA[2025-07-14 23:15:00 [main] &amp#27;[34mINFO &amp#27;[0;39m &amp#27;[36mc.j.l.c.CaseManagementController&amp#27;[0;39m - PUT /case/60fb757f-9360-4d58-9098-9834e2038ea2 called
]]></system-out>
  </testcase>
  <testcase name="getAllUserCases_DefaultParameters_ReturnsSuccess" classname="com.javajedis.legalconnect.casemanagement.CaseManagementControllerTest" time="0.0">
    <system-out><![CDATA[2025-07-14 23:15:00 [main] &amp#27;[34mINFO &amp#27;[0;39m &amp#27;[36mc.j.l.c.CaseManagementController&amp#27;[0;39m - GET /case/ called with page=0, size=10, status=null, sortDirection=DESC
]]></system-out>
  </testcase>
  <testcase name="updateCaseStatus_Unauthorized_ReturnsUnauthorized" classname="com.javajedis.legalconnect.casemanagement.CaseManagementControllerTest" time="0.0">
    <system-out><![CDATA[2025-07-14 23:15:00 [main] &amp#27;[34mINFO &amp#27;[0;39m &amp#27;[36mc.j.l.c.CaseManagementController&amp#27;[0;39m - PUT /case/300e6293-bcbc-4a3e-95c7-7c87399263a1/status called
]]></system-out>
  </testcase>
  <testcase name="createCase_Unauthorized_ReturnsUnauthorized" classname="com.javajedis.legalconnect.casemanagement.CaseManagementControllerTest" time="0.0">
    <system-out><![CDATA[2025-07-14 23:15:00 [main] &amp#27;[34mINFO &amp#27;[0;39m &amp#27;[36mc.j.l.c.CaseManagementController&amp#27;[0;39m - POST /case/ called
]]></system-out>
  </testcase>
  <testcase name="getAllUserCases_NullParameters_HandlesGracefully" classname="com.javajedis.legalconnect.casemanagement.CaseManagementControllerTest" time="0.0">
    <system-out><![CDATA[2025-07-14 23:15:00 [main] &amp#27;[34mINFO &amp#27;[0;39m &amp#27;[36mc.j.l.c.CaseManagementController&amp#27;[0;39m - GET /case/ called with page=0, size=10, status=null, sortDirection=DESC
]]></system-out>
  </testcase>
  <testcase name="createCase_ServiceException_ReturnsInternalServerError" classname="com.javajedis.legalconnect.casemanagement.CaseManagementControllerTest" time="0.001">
    <system-out><![CDATA[2025-07-14 23:15:00 [main] &amp#27;[34mINFO &amp#27;[0;39m &amp#27;[36mc.j.l.c.CaseManagementController&amp#27;[0;39m - POST /case/ called
]]></system-out>
  </testcase>
  <testcase name="getAllUserCases_WithStatusFilter_ReturnsFilteredCases" classname="com.javajedis.legalconnect.casemanagement.CaseManagementControllerTest" time="0.0">
    <system-out><![CDATA[2025-07-14 23:15:00 [main] &amp#27;[34mINFO &amp#27;[0;39m &amp#27;[36mc.j.l.c.CaseManagementController&amp#27;[0;39m - GET /case/ called with page=0, size=10, status=RESOLVED, sortDirection=DESC
]]></system-out>
  </testcase>
  <testcase name="getAllUserCases_Unauthorized_ReturnsUnauthorized" classname="com.javajedis.legalconnect.casemanagement.CaseManagementControllerTest" time="0.0">
    <system-out><![CDATA[2025-07-14 23:15:00 [main] &amp#27;[34mINFO &amp#27;[0;39m &amp#27;[36mc.j.l.c.CaseManagementController&amp#27;[0;39m - GET /case/ called with page=0, size=10, status=null, sortDirection=DESC
]]></system-out>
  </testcase>
  <testcase name="createCase_Success_ReturnsCreatedResponse" classname="com.javajedis.legalconnect.casemanagement.CaseManagementControllerTest" time="0.0">
    <system-out><![CDATA[2025-07-14 23:15:00 [main] &amp#27;[34mINFO &amp#27;[0;39m &amp#27;[36mc.j.l.c.CaseManagementController&amp#27;[0;39m - POST /case/ called
]]></system-out>
  </testcase>
  <testcase name="updateCaseStatus_NotFound_ReturnsNotFound" classname="com.javajedis.legalconnect.casemanagement.CaseManagementControllerTest" time="0.001">
    <system-out><![CDATA[2025-07-14 23:15:00 [main] &amp#27;[34mINFO &amp#27;[0;39m &amp#27;[36mc.j.l.c.CaseManagementController&amp#27;[0;39m - PUT /case/eee491e7-eeb5-473a-a463-a77085570a5a/status called
]]></system-out>
  </testcase>
  <testcase name="getCaseById_NotFound_ReturnsNotFound" classname="com.javajedis.legalconnect.casemanagement.CaseManagementControllerTest" time="0.001">
    <system-out><![CDATA[2025-07-14 23:15:00 [main] &amp#27;[34mINFO &amp#27;[0;39m &amp#27;[36mc.j.l.c.CaseManagementController&amp#27;[0;39m - GET /case/1a8fa0d1-238c-4915-afd1-236b4cd65a24 called
]]></system-out>
  </testcase>
  <testcase name="updateCase_NotFound_ReturnsNotFound" classname="com.javajedis.legalconnect.casemanagement.CaseManagementControllerTest" time="0.001">
    <system-out><![CDATA[2025-07-14 23:15:00 [main] &amp#27;[34mINFO &amp#27;[0;39m &amp#27;[36mc.j.l.c.CaseManagementController&amp#27;[0;39m - PUT /case/ad848652-f2a3-4902-b2a2-d390d0fb6d28 called
]]></system-out>
  </testcase>
  <testcase name="updateCase_Forbidden_ReturnsForbidden" classname="com.javajedis.legalconnect.casemanagement.CaseManagementControllerTest" time="0.0">
    <system-out><![CDATA[2025-07-14 23:15:00 [main] &amp#27;[34mINFO &amp#27;[0;39m &amp#27;[36mc.j.l.c.CaseManagementController&amp#27;[0;39m - PUT /case/bd529659-2c4c-48a1-bd7a-c211d70d02b8 called
]]></system-out>
  </testcase>
  <testcase name="updateCaseStatus_Success_ReturnsUpdatedCase" classname="com.javajedis.legalconnect.casemanagement.CaseManagementControllerTest" time="0.0">
    <system-out><![CDATA[2025-07-14 23:15:00 [main] &amp#27;[34mINFO &amp#27;[0;39m &amp#27;[36mc.j.l.c.CaseManagementController&amp#27;[0;39m - PUT /case/cb5e8831-7f53-46f3-b825-63f4b43d5067/status called
]]></system-out>
  </testcase>
  <testcase name="getAllUserCases_CustomPagination_ReturnsSuccess" classname="com.javajedis.legalconnect.casemanagement.CaseManagementControllerTest" time="0.001">
    <system-out><![CDATA[2025-07-14 23:15:00 [main] &amp#27;[34mINFO &amp#27;[0;39m &amp#27;[36mc.j.l.c.CaseManagementController&amp#27;[0;39m - GET /case/ called with page=2, size=5, status=null, sortDirection=ASC
]]></system-out>
  </testcase>
  <testcase name="createCase_EmptyDescription_ReturnsSuccess" classname="com.javajedis.legalconnect.casemanagement.CaseManagementControllerTest" time="0.001">
    <system-out><![CDATA[2025-07-14 23:15:00 [main] &amp#27;[34mINFO &amp#27;[0;39m &amp#27;[36mc.j.l.c.CaseManagementController&amp#27;[0;39m - POST /case/ called
]]></system-out>
  </testcase>
  <testcase name="getAllUserCases_LargePageSize_HandlesCorrectly" classname="com.javajedis.legalconnect.casemanagement.CaseManagementControllerTest" time="0.001">
    <system-out><![CDATA[2025-07-14 23:15:00 [main] &amp#27;[34mINFO &amp#27;[0;39m &amp#27;[36mc.j.l.c.CaseManagementController&amp#27;[0;39m - GET /case/ called with page=0, size=100, status=null, sortDirection=DESC
]]></system-out>
  </testcase>
  <testcase name="getCaseById_Success_ReturnsCase" classname="com.javajedis.legalconnect.casemanagement.CaseManagementControllerTest" time="0.001">
    <system-out><![CDATA[2025-07-14 23:15:00 [main] &amp#27;[34mINFO &amp#27;[0;39m &amp#27;[36mc.j.l.c.CaseManagementController&amp#27;[0;39m - GET /case/f8b2561c-ac47-4aec-8a60-2a7ec70abe46 called
]]></system-out>
  </testcase>
  <testcase name="getAllUserCases_AscendingSort_ReturnsSuccess" classname="com.javajedis.legalconnect.casemanagement.CaseManagementControllerTest" time="0.001">
    <system-out><![CDATA[2025-07-14 23:15:00 [main] &amp#27;[34mINFO &amp#27;[0;39m &amp#27;[36mc.j.l.c.CaseManagementController&amp#27;[0;39m - GET /case/ called with page=0, size=10, status=null, sortDirection=ASC
]]></system-out>
  </testcase>
  <testcase name="getCaseById_Forbidden_ReturnsForbidden" classname="com.javajedis.legalconnect.casemanagement.CaseManagementControllerTest" time="0.001">
    <system-out><![CDATA[2025-07-14 23:15:00 [main] &amp#27;[34mINFO &amp#27;[0;39m &amp#27;[36mc.j.l.c.CaseManagementController&amp#27;[0;39m - GET /case/c1548985-153b-40ad-aeb9-7b60e7f16a0e called
]]></system-out>
  </testcase>
</testsuite>